[2025-12-23 17:30:19] Starting WAPS Control Center...
[2025-12-23 17:30:19] Starting WAPS Control Center...
[2025-12-23 17:30:19] Script Path: C:\Tools\WPAS
[2025-12-23 17:30:19] Script Path: C:\Tools\WPAS
[2025-12-23 17:30:19] StartMinimized Switch: False
[2025-12-23 17:30:19] StartMinimized Switch: False
[2025-12-23 17:30:19] StartMinimized Switch passed: False (Ignoring to force visibility)
[2025-12-23 17:30:19] StartMinimized Switch passed: False (Ignoring to force visibility)
[2025-12-23 17:30:19] Log File Path: C:\Tools\WPAS\logs\WAPS_Debug.log
[2025-12-23 17:30:19] Log File Path: C:\Tools\WPAS\logs\WAPS_Debug.log
[2025-12-23 17:30:19] Module Loaded: C:\Tools\WPAS\WPAS.psm1
[2025-12-23 17:30:19] Module Loaded: C:\Tools\WPAS\WPAS.psm1
[2025-12-23 17:30:19] Windows Forms loaded and Visual Styles enabled.
[2025-12-23 17:30:19] Windows Forms loaded and Visual Styles enabled.
[2025-12-23 17:30:19] Configuration loaded successfully.
[2025-12-23 17:30:19] Configuration loaded successfully.
[2025-12-23 17:30:19] Main Form Created.
[2025-12-23 17:30:19] Main Form Created.
[2025-12-23 17:30:20] Starting Application Loop...
[2025-12-23 17:30:20] Starting Application Loop...
[2025-12-23 17:30:20] Form Shown event triggered.
[2025-12-23 17:30:20] Form Shown event triggered.
[2025-12-23 17:30:20] Starting in Normal mode.
[2025-12-23 17:30:20] Starting in Normal mode.
[2025-12-23 17:30:20] Form activated and Timer started.
[2025-12-23 17:30:20] Form activated and Timer started.
[2025-12-23 17:30:23] Timer First Tick Executed.
[2025-12-23 17:30:23] Timer First Tick Executed.
[2025-12-23 17:32:03] Timer Error: Cannot convert argument "item", with value: "Ready", for "Add" to type "System.Windows.Forms.ListViewItem+ListViewSubItem": "Cannot convert value "Ready" to type "System.Windows.Forms.ListViewItem+ListViewSubItem". Error: "Invalid cast from 'Microsoft.PowerShell.Cmdletization.GeneratedTypes.ScheduledTask.StateEnum' to 'System.Windows.Forms.ListViewItem+ListViewSubItem'.""
[2025-12-23 17:32:03] Timer Error: Cannot convert argument "item", with value: "Ready", for "Add" to type "System.Windows.Forms.ListViewItem+ListViewSubItem": "Cannot convert value "Ready" to type "System.Windows.Forms.ListViewItem+ListViewSubItem". Error: "Invalid cast from 'Microsoft.PowerShell.Cmdletization.GeneratedTypes.ScheduledTask.StateEnum' to 'System.Windows.Forms.ListViewItem+ListViewSubItem'.""
[2025-12-23 17:32:06] Timer Error: Cannot convert argument "item", with value: "Ready", for "Add" to type "System.Windows.Forms.ListViewItem+ListViewSubItem": "Cannot convert value "Ready" to type "System.Windows.Forms.ListViewItem+ListViewSubItem". Error: "Invalid cast from 'Microsoft.PowerShell.Cmdletization.GeneratedTypes.ScheduledTask.StateEnum' to 'System.Windows.Forms.ListViewItem+ListViewSubItem'.""
[2025-12-23 17:32:06] Timer Error: Cannot convert argument "item", with value: "Ready", for "Add" to type "System.Windows.Forms.ListViewItem+ListViewSubItem": "Cannot convert value "Ready" to type "System.Windows.Forms.ListViewItem+ListViewSubItem". Error: "Invalid cast from 'Microsoft.PowerShell.Cmdletization.GeneratedTypes.ScheduledTask.StateEnum' to 'System.Windows.Forms.ListViewItem+ListViewSubItem'.""
[2025-12-23 17:32:09] Timer Error: Cannot convert argument "item", with value: "Ready", for "Add" to type "System.Windows.Forms.ListViewItem+ListViewSubItem": "Cannot convert value "Ready" to type "System.Windows.Forms.ListViewItem+ListViewSubItem". Error: "Invalid cast from 'Microsoft.PowerShell.Cmdletization.GeneratedTypes.ScheduledTask.StateEnum' to 'System.Windows.Forms.ListViewItem+ListViewSubItem'.""
[2025-12-23 17:32:09] Timer Error: Cannot convert argument "item", with value: "Ready", for "Add" to type "System.Windows.Forms.ListViewItem+ListViewSubItem": "Cannot convert value "Ready" to type "System.Windows.Forms.ListViewItem+ListViewSubItem". Error: "Invalid cast from 'Microsoft.PowerShell.Cmdletization.GeneratedTypes.ScheduledTask.StateEnum' to 'System.Windows.Forms.ListViewItem+ListViewSubItem'.""
[2025-12-23 17:32:12] Timer Error: Cannot convert argument "item", with value: "Ready", for "Add" to type "System.Windows.Forms.ListViewItem+ListViewSubItem": "Cannot convert value "Ready" to type "System.Windows.Forms.ListViewItem+ListViewSubItem". Error: "Invalid cast from 'Microsoft.PowerShell.Cmdletization.GeneratedTypes.ScheduledTask.StateEnum' to 'System.Windows.Forms.ListViewItem+ListViewSubItem'.""
[2025-12-23 17:32:12] Timer Error: Cannot convert argument "item", with value: "Ready", for "Add" to type "System.Windows.Forms.ListViewItem+ListViewSubItem": "Cannot convert value "Ready" to type "System.Windows.Forms.ListViewItem+ListViewSubItem". Error: "Invalid cast from 'Microsoft.PowerShell.Cmdletization.GeneratedTypes.ScheduledTask.StateEnum' to 'System.Windows.Forms.ListViewItem+ListViewSubItem'.""
[2025-12-23 17:32:15] Timer Error: Cannot convert argument "item", with value: "Ready", for "Add" to type "System.Windows.Forms.ListViewItem+ListViewSubItem": "Cannot convert value "Ready" to type "System.Windows.Forms.ListViewItem+ListViewSubItem". Error: "Invalid cast from 'Microsoft.PowerShell.Cmdletization.GeneratedTypes.ScheduledTask.StateEnum' to 'System.Windows.Forms.ListViewItem+ListViewSubItem'.""
[2025-12-23 17:32:15] Timer Error: Cannot convert argument "item", with value: "Ready", for "Add" to type "System.Windows.Forms.ListViewItem+ListViewSubItem": "Cannot convert value "Ready" to type "System.Windows.Forms.ListViewItem+ListViewSubItem". Error: "Invalid cast from 'Microsoft.PowerShell.Cmdletization.GeneratedTypes.ScheduledTask.StateEnum' to 'System.Windows.Forms.ListViewItem+ListViewSubItem'.""
[2025-12-23 17:32:18] Timer Error: Cannot convert argument "item", with value: "Ready", for "Add" to type "System.Windows.Forms.ListViewItem+ListViewSubItem": "Cannot convert value "Ready" to type "System.Windows.Forms.ListViewItem+ListViewSubItem". Error: "Invalid cast from 'Microsoft.PowerShell.Cmdletization.GeneratedTypes.ScheduledTask.StateEnum' to 'System.Windows.Forms.ListViewItem+ListViewSubItem'.""
[2025-12-23 17:32:18] Timer Error: Cannot convert argument "item", with value: "Ready", for "Add" to type "System.Windows.Forms.ListViewItem+ListViewSubItem": "Cannot convert value "Ready" to type "System.Windows.Forms.ListViewItem+ListViewSubItem". Error: "Invalid cast from 'Microsoft.PowerShell.Cmdletization.GeneratedTypes.ScheduledTask.StateEnum' to 'System.Windows.Forms.ListViewItem+ListViewSubItem'.""
[2025-12-23 17:32:24] Timer Error: Cannot convert argument "item", with value: "Ready", for "Add" to type "System.Windows.Forms.ListViewItem+ListViewSubItem": "Cannot convert value "Ready" to type "System.Windows.Forms.ListViewItem+ListViewSubItem". Error: "Invalid cast from 'Microsoft.PowerShell.Cmdletization.GeneratedTypes.ScheduledTask.StateEnum' to 'System.Windows.Forms.ListViewItem+ListViewSubItem'.""
[2025-12-23 17:32:24] Timer Error: Cannot convert argument "item", with value: "Ready", for "Add" to type "System.Windows.Forms.ListViewItem+ListViewSubItem": "Cannot convert value "Ready" to type "System.Windows.Forms.ListViewItem+ListViewSubItem". Error: "Invalid cast from 'Microsoft.PowerShell.Cmdletization.GeneratedTypes.ScheduledTask.StateEnum' to 'System.Windows.Forms.ListViewItem+ListViewSubItem'.""
[2025-12-23 17:32:27] Timer Error: Cannot convert argument "item", with value: "Ready", for "Add" to type "System.Windows.Forms.ListViewItem+ListViewSubItem": "Cannot convert value "Ready" to type "System.Windows.Forms.ListViewItem+ListViewSubItem". Error: "Invalid cast from 'Microsoft.PowerShell.Cmdletization.GeneratedTypes.ScheduledTask.StateEnum' to 'System.Windows.Forms.ListViewItem+ListViewSubItem'.""
[2025-12-23 17:32:27] Timer Error: Cannot convert argument "item", with value: "Ready", for "Add" to type "System.Windows.Forms.ListViewItem+ListViewSubItem": "Cannot convert value "Ready" to type "System.Windows.Forms.ListViewItem+ListViewSubItem". Error: "Invalid cast from 'Microsoft.PowerShell.Cmdletization.GeneratedTypes.ScheduledTask.StateEnum' to 'System.Windows.Forms.ListViewItem+ListViewSubItem'.""
[2025-12-23 17:32:30] Timer Error: Cannot convert argument "item", with value: "Ready", for "Add" to type "System.Windows.Forms.ListViewItem+ListViewSubItem": "Cannot convert value "Ready" to type "System.Windows.Forms.ListViewItem+ListViewSubItem". Error: "Invalid cast from 'Microsoft.PowerShell.Cmdletization.GeneratedTypes.ScheduledTask.StateEnum' to 'System.Windows.Forms.ListViewItem+ListViewSubItem'.""
[2025-12-23 17:32:30] Timer Error: Cannot convert argument "item", with value: "Ready", for "Add" to type "System.Windows.Forms.ListViewItem+ListViewSubItem": "Cannot convert value "Ready" to type "System.Windows.Forms.ListViewItem+ListViewSubItem". Error: "Invalid cast from 'Microsoft.PowerShell.Cmdletization.GeneratedTypes.ScheduledTask.StateEnum' to 'System.Windows.Forms.ListViewItem+ListViewSubItem'.""
[2025-12-23 17:32:34] Timer Error: Cannot convert argument "item", with value: "Ready", for "Add" to type "System.Windows.Forms.ListViewItem+ListViewSubItem": "Cannot convert value "Ready" to type "System.Windows.Forms.ListViewItem+ListViewSubItem". Error: "Invalid cast from 'Microsoft.PowerShell.Cmdletization.GeneratedTypes.ScheduledTask.StateEnum' to 'System.Windows.Forms.ListViewItem+ListViewSubItem'.""
[2025-12-23 17:32:34] Timer Error: Cannot convert argument "item", with value: "Ready", for "Add" to type "System.Windows.Forms.ListViewItem+ListViewSubItem": "Cannot convert value "Ready" to type "System.Windows.Forms.ListViewItem+ListViewSubItem". Error: "Invalid cast from 'Microsoft.PowerShell.Cmdletization.GeneratedTypes.ScheduledTask.StateEnum' to 'System.Windows.Forms.ListViewItem+ListViewSubItem'.""
[2025-12-23 17:32:37] Timer Error: Cannot convert argument "item", with value: "Ready", for "Add" to type "System.Windows.Forms.ListViewItem+ListViewSubItem": "Cannot convert value "Ready" to type "System.Windows.Forms.ListViewItem+ListViewSubItem". Error: "Invalid cast from 'Microsoft.PowerShell.Cmdletization.GeneratedTypes.ScheduledTask.StateEnum' to 'System.Windows.Forms.ListViewItem+ListViewSubItem'.""
[2025-12-23 17:32:37] Timer Error: Cannot convert argument "item", with value: "Ready", for "Add" to type "System.Windows.Forms.ListViewItem+ListViewSubItem": "Cannot convert value "Ready" to type "System.Windows.Forms.ListViewItem+ListViewSubItem". Error: "Invalid cast from 'Microsoft.PowerShell.Cmdletization.GeneratedTypes.ScheduledTask.StateEnum' to 'System.Windows.Forms.ListViewItem+ListViewSubItem'.""
[2025-12-23 17:32:40] Timer Error: Cannot convert argument "item", with value: "Ready", for "Add" to type "System.Windows.Forms.ListViewItem+ListViewSubItem": "Cannot convert value "Ready" to type "System.Windows.Forms.ListViewItem+ListViewSubItem". Error: "Invalid cast from 'Microsoft.PowerShell.Cmdletization.GeneratedTypes.ScheduledTask.StateEnum' to 'System.Windows.Forms.ListViewItem+ListViewSubItem'.""
[2025-12-23 17:32:40] Timer Error: Cannot convert argument "item", with value: "Ready", for "Add" to type "System.Windows.Forms.ListViewItem+ListViewSubItem": "Cannot convert value "Ready" to type "System.Windows.Forms.ListViewItem+ListViewSubItem". Error: "Invalid cast from 'Microsoft.PowerShell.Cmdletization.GeneratedTypes.ScheduledTask.StateEnum' to 'System.Windows.Forms.ListViewItem+ListViewSubItem'.""
